#
# A fatal error has been detected by the Java Runtime Environment:
#
#  SIGSEGV (0xb) at pc=0x00007f85a7bcac76, pid=19495, tid=140212032759552
#
# JRE version: Java(TM) SE Runtime Environment (7.0_79-b15) (build 1.7.0_79-b15)
# Java VM: Java HotSpot(TM) 64-Bit Server VM (24.79-b02 mixed mode linux-amd64 compressed oops)
# Problematic frame:
# C  [libc.so.6+0x14dc76]  __nss_passwd_lookup+0x92d6
#
# Failed to write core dump. Core dumps have been disabled. To enable core dumping, try "ulimit -c unlimited" before starting Java again
#
# If you would like to submit a bug report, please visit:
#   http://bugreport.java.com/bugreport/crash.jsp
# The crash happened outside the Java Virtual Machine in native code.
# See problematic frame for where to report the bug.
#

---------------  T H R E A D  ---------------

Current thread (0x00007f85a000f000):  JavaThread "main" [_thread_in_native, id=19497, stack(0x00007f85a857e000,0x00007f85a867f000)]

siginfo:si_signo=SIGSEGV: si_errno=0, si_code=1 (SEGV_MAPERR), si_addr=0x00007f858291f000

Registers:
RAX=0x00007f85a04f76e0, RBX=0x0000000000004b00, RCX=0x0000000000002bed, RDX=0x0000000000004b00
RSP=0x00007f85a867d0d8, RBP=0x00007f85a867d130, RSI=0x00007f858291f000, RDI=0x00007f85a04f95f3
R8 =0x00007f85a00004e8, R9 =0x0000000000000000, R10=0x00007f85a0000078, R11=0x00007f85a0000078
R12=0x00007f858291d0bf, R13=0x00007f85a04dea70, R14=0x0000000000000000, R15=0x00007f85a008d7c0
RIP=0x00007f85a7bcac76, EFLAGS=0x0000000000010287, CSGSFS=0x002b000000000033, ERR=0x0000000000000004
  TRAPNO=0x000000000000000e

Top of Stack: (sp=0x00007f85a867d0d8)
0x00007f85a867d0d8:   00007f85a5862bce 0000000702000c90
0x00007f85a867d0e8:   4b00008500000000 0000000000000000
0x00007f85a867d0f8:   0000000061567965 00007f85a04dea70
0x00007f85a867d108:   00007f85a04e61f0 00007f85a008d7c0
0x00007f85a867d118:   00007f85a04de6c0 00000000a53eb04b
0x00007f85a867d128:   00007f85a867d190 00007f85a867d170
0x00007f85a867d138:   00007f85a58630b0 0000001ba867d170
0x00007f85a867d148:   00007f85a867d190 000000000000001b
0x00007f85a867d158:   00007f85a000f1e8 00007f85a867d190
0x00007f85a867d168:   00007f85a867d670 00007f85a867d5d0
0x00007f85a867d178:   00007f85a5861eed 01007f85a000ddd0
0x00007f85a867d188:   00007f85a008d7c0 5f656c694679654b
0x00007f85a867d198:   65756c615679654b 747265706f72702e
0x00007f85a867d1a8:   00007f8500736569 00007f859d006058
0x00007f85a867d1b8:   00007f85a867d320 00007f85a867d3a0
0x00007f85a867d1c8:   00007f85a000f1e8 00007f85a725bd30
0x00007f85a867d1d8:   00007f85a000c7c0 00007f85a000c7d0
0x00007f85a867d1e8:   00007f85a000cba8 00000000000003d8
0x00007f85a867d1f8:   00007f85a000f9d8 0000000000000000
0x00007f85a867d208:   00000007b0f90530 00000007b0f883d8
0x00007f85a867d218:   00007f85a4644231 0000000000000000
0x00007f85a867d228:   0000000000000000 00007f85a000f000
0x00007f85a867d238:   00007f85a00686f0 00007f85a0070638
0x00007f85a867d248:   00007f85a0010100 00007f85a867d400
0x00007f85a867d258:   00007f85a867d208 00007f85a867d249
0x00007f85a867d268:   0000000800000002 00007f859d006000
0x00007f85a867d278:   00007f85a0070630 00007f85a79f6c70
0x00007f85a867d288:   00007f85a4644230 00000000a867d290
0x00007f85a867d298:   000000070000000d 0000000000000001
0x00007f85a867d2a8:   00007f85a867d2a8 0000000702184f80
0x00007f85a867d2b8:   00007f85a867d300 0000000702186a58
0x00007f85a867d2c8:   0000000000000000 0000000702184f88 

Instructions: (pc=0x00007f85a7bcac76)
0x00007f85a7bcac56:   c0 c3 0f 1f 84 00 00 00 00 00 48 8b 0d 71 65 27
0x00007f85a7bcac66:   00 48 c1 e1 03 48 39 ca 73 10 48 89 d1 48 89 d1
0x00007f85a7bcac76:   f3 a4 c3 0f 1f 80 00 00 00 00 48 8d 0c 16 c5 fe
0x00007f85a7bcac86:   6f 26 c5 fa 6f 6c 16 80 c5 fa 6f 71 90 c5 fa 6f 

Register to memory mapping:

RAX=0x00007f85a04f76e0 is an unknown value
RBX=0x0000000000004b00 is an unknown value
RCX=0x0000000000002bed is an unknown value
RDX=0x0000000000004b00 is an unknown value
RSP=0x00007f85a867d0d8 is pointing into the stack for thread: 0x00007f85a000f000
RBP=0x00007f85a867d130 is pointing into the stack for thread: 0x00007f85a000f000
RSI=0x00007f858291f000 is an unknown value
RDI=0x00007f85a04f95f3 is an unknown value
R8 =0x00007f85a00004e8 is an unknown value
R9 =0x0000000000000000 is an unknown value
R10=0x00007f85a0000078 is an unknown value
R11=0x00007f85a0000078 is an unknown value
R12=0x00007f858291d0bf is an unknown value
R13=0x00007f85a04dea70 is an unknown value
R14=0x0000000000000000 is an unknown value
R15=0x00007f85a008d7c0 is an unknown value


Stack: [0x00007f85a857e000,0x00007f85a867f000],  sp=0x00007f85a867d0d8,  free space=1020k
Native frames: (J=compiled Java code, j=interpreted, Vv=VM code, C=native code)
C  [libc.so.6+0x14dc76]  __nss_passwd_lookup+0x92d6
C  [libzip.so+0x50b0]  ZIP_GetEntry+0xd0
C  [libzip.so+0x3eed]  Java_java_util_zip_ZipFile_getEntry+0xad
j  java.util.zip.ZipFile.getEntry(J[BZ)J+0
j  java.util.zip.ZipFile.getEntry(Ljava/lang/String;)Ljava/util/zip/ZipEntry;+38
j  java.util.jar.JarFile.getEntry(Ljava/lang/String;)Ljava/util/zip/ZipEntry;+2
j  java.util.jar.JarFile.getJarEntry(Ljava/lang/String;)Ljava/util/jar/JarEntry;+2
j  com.cybersoft4u.xian.iatoms.common.utils.UpdateJarInfo.readJarFile(Ljava/lang/String;Ljava/lang/String;)V+11
j  com.cybersoft4u.xian.iatoms.common.utils.UpdateJarInfo.main([Ljava/lang/String;)V+57
j  com.cybersoft4u.xian.iatoms.common.utils.PasswordEncoderUtilities.changeSecurityjar(Ljava/lang/String;Ljava/lang/String;)V+72
j  com.cybersoft4u.xian.iatoms.common.utils.PasswordEncoderUtilities.changeSecurityjar(Ljava/lang/String;Ljava/lang/String;Ljava/lang/String;)V+21
j  com.cybersoft4u.xian.iatoms.common.utils.PasswordEncoderUtilities.main([Ljava/lang/String;)V+9
v  ~StubRoutines::call_stub
V  [libjvm.so+0x600e95]  JavaCalls::call_helper(JavaValue*, methodHandle*, JavaCallArguments*, Thread*)+0x365
V  [libjvm.so+0x5ff8f8]  JavaCalls::call(JavaValue*, methodHandle, JavaCallArguments*, Thread*)+0x28
V  [libjvm.so+0x6398b9]  jni_invoke_static(JNIEnv_*, JavaValue*, _jobject*, JNICallType, _jmethodID*, JNI_ArgumentPusher*, Thread*)+0x219
V  [libjvm.so+0x6424d2]  jni_CallStaticVoidMethod+0x162
C  [libjli.so+0x36d9]  JavaMain+0x7e9

Java frames: (J=compiled Java code, j=interpreted, Vv=VM code)
j  java.util.zip.ZipFile.getEntry(J[BZ)J+0
j  java.util.zip.ZipFile.getEntry(Ljava/lang/String;)Ljava/util/zip/ZipEntry;+38
j  java.util.jar.JarFile.getEntry(Ljava/lang/String;)Ljava/util/zip/ZipEntry;+2
j  java.util.jar.JarFile.getJarEntry(Ljava/lang/String;)Ljava/util/jar/JarEntry;+2
j  com.cybersoft4u.xian.iatoms.common.utils.UpdateJarInfo.readJarFile(Ljava/lang/String;Ljava/lang/String;)V+11
j  com.cybersoft4u.xian.iatoms.common.utils.UpdateJarInfo.main([Ljava/lang/String;)V+57
j  com.cybersoft4u.xian.iatoms.common.utils.PasswordEncoderUtilities.changeSecurityjar(Ljava/lang/String;Ljava/lang/String;)V+72
j  com.cybersoft4u.xian.iatoms.common.utils.PasswordEncoderUtilities.changeSecurityjar(Ljava/lang/String;Ljava/lang/String;Ljava/lang/String;)V+21
j  com.cybersoft4u.xian.iatoms.common.utils.PasswordEncoderUtilities.main([Ljava/lang/String;)V+9
v  ~StubRoutines::call_stub

---------------  P R O C E S S  ---------------

Java Threads: ( => current thread )
  0x00007f85a009d800 JavaThread "Service Thread" daemon [_thread_blocked, id=19512, stack(0x00007f858316a000,0x00007f858326b000)]
  0x00007f85a009b000 JavaThread "C2 CompilerThread1" daemon [_thread_blocked, id=19510, stack(0x00007f858326b000,0x00007f858336c000)]
  0x00007f85a0098000 JavaThread "C2 CompilerThread0" daemon [_thread_blocked, id=19509, stack(0x00007f858336c000,0x00007f858346d000)]
  0x00007f85a0096000 JavaThread "Signal Dispatcher" daemon [_thread_blocked, id=19508, stack(0x00007f858346d000,0x00007f858356e000)]
  0x00007f85a0075000 JavaThread "Finalizer" daemon [_thread_blocked, id=19507, stack(0x00007f85839f9000,0x00007f8583afa000)]
  0x00007f85a0073000 JavaThread "Reference Handler" daemon [_thread_blocked, id=19506, stack(0x00007f8583afa000,0x00007f8583bfb000)]
=>0x00007f85a000f000 JavaThread "main" [_thread_in_native, id=19497, stack(0x00007f85a857e000,0x00007f85a867f000)]

Other Threads:
  0x00007f85a006f000 VMThread [stack: 0x00007f8583bfb000,0x00007f8583cfc000] [id=19503]
  0x00007f85a00a8000 WatcherThread [stack: 0x00007f8583069000,0x00007f858316a000] [id=19513]

VM state:not at safepoint (normal execution)

VM Mutex/Monitor currently owned by a thread: None

Heap
 PSYoungGen      total 74752K, used 49977K [0x00000007ad080000, 0x00000007b2380000, 0x0000000800000000)
  eden space 64512K, 69% used [0x00000007ad080000,0x00000007afc52dc0,0x00000007b0f80000)
  from space 10240K, 49% used [0x00000007b0f80000,0x00000007b147b950,0x00000007b1980000)
  to   space 10240K, 0% used [0x00000007b1980000,0x00000007b1980000,0x00000007b2380000)
 ParOldGen       total 169472K, used 8K [0x0000000707200000, 0x0000000711780000, 0x00000007ad080000)
  object space 169472K, 0% used [0x0000000707200000,0x0000000707202000,0x0000000711780000)
 PSPermGen       total 21504K, used 5323K [0x0000000702000000, 0x0000000703500000, 0x0000000707200000)
  object space 21504K, 24% used [0x0000000702000000,0x0000000702532dc0,0x0000000703500000)

Card table byte_map: [0x00007f85a506d000,0x00007f85a585e000] byte_map_base: 0x00007f85a185d000

Polling page: 0x00007f85a86a3000

Code Cache  [0x00007f859d000000, 0x00007f859d270000, 0x00007f85a0000000)
 total_blobs=300 nmethods=72 adapters=182 free_code_cache=48577Kb largest_free_block=49728832

Compilation events (10 events):
Event: 0.621 Thread 0x00007f85a009b000   66   !         java.util.zip.Deflater::deflate (140 bytes)
Event: 0.623 Thread 0x00007f85a009b000 nmethod 66 0x00007f859d091d90 code [0x00007f859d091f00, 0x00007f859d092388]
Event: 0.658 Thread 0x00007f85a0098000   68             java.util.zip.Deflater::needsInput (13 bytes)
Event: 0.658 Thread 0x00007f85a0098000 nmethod 68 0x00007f859d088110 code [0x00007f859d088240, 0x00007f859d0882b8]
Event: 0.668 Thread 0x00007f85a0098000   69             java.util.zip.DeflaterOutputStream::write (88 bytes)
Event: 0.671 Thread 0x00007f85a0098000 nmethod 69 0x00007f859d0925d0 code [0x00007f859d092760, 0x00007f859d092d38]
Event: 0.973 Thread 0x00007f85a009b000   70             java.lang.String::compareTo (78 bytes)
Event: 0.975 Thread 0x00007f85a009b000 nmethod 70 0x00007f859d08eb90 code [0x00007f859d08ece0, 0x00007f859d08ee98]
Event: 1.395 Thread 0x00007f85a009b000   71   !         java.io.FileOutputStream::write (42 bytes)
Event: 1.395 Thread 0x00007f85a009b000 nmethod 71 0x00007f859d093050 code [0x00007f859d0931a0, 0x00007f859d093228]

GC Heap History (2 events):
Event: 0.902 GC heap before
{Heap before GC invocations=1 (full 0):
 PSYoungGen      total 74752K, used 64512K [0x00000007ad080000, 0x00000007b2380000, 0x0000000800000000)
  eden space 64512K, 100% used [0x00000007ad080000,0x00000007b0f80000,0x00000007b0f80000)
  from space 10240K, 0% used [0x00000007b1980000,0x00000007b1980000,0x00000007b2380000)
  to   space 10240K, 0% used [0x00000007b0f80000,0x00000007b0f80000,0x00000007b1980000)
 ParOldGen       total 169472K, used 0K [0x0000000707200000, 0x0000000711780000, 0x00000007ad080000)
  object space 169472K, 0% used [0x0000000707200000,0x0000000707200000,0x0000000711780000)
 PSPermGen       total 21504K, used 5320K [0x0000000702000000, 0x0000000703500000, 0x0000000707200000)
  object space 21504K, 24% used [0x0000000702000000,0x00000007025321e0,0x0000000703500000)
Event: 0.905 GC heap after
Heap after GC invocations=1 (full 0):
 PSYoungGen      total 74752K, used 5102K [0x00000007ad080000, 0x00000007b2380000, 0x0000000800000000)
  eden space 64512K, 0% used [0x00000007ad080000,0x00000007ad080000,0x00000007b0f80000)
  from space 10240K, 49% used [0x00000007b0f80000,0x00000007b147b950,0x00000007b1980000)
  to   space 10240K, 0% used [0x00000007b1980000,0x00000007b1980000,0x00000007b2380000)
 ParOldGen       total 169472K, used 8K [0x0000000707200000, 0x0000000711780000, 0x00000007ad080000)
  object space 169472K, 0% used [0x0000000707200000,0x0000000707202000,0x0000000711780000)
 PSPermGen       total 21504K, used 5320K [0x0000000702000000, 0x0000000703500000, 0x0000000707200000)
  object space 21504K, 24% used [0x0000000702000000,0x00000007025321e0,0x0000000703500000)
}

Deoptimization events (1 events):
Event: 0.283 Thread 0x00007f85a000f000 Uncommon trap: reason=unloaded action=reinterpret pc=0x00007f859d065098 method=java.io.BufferedReader.readLine(Z)Ljava/lang/String; @ 268

Internal exceptions (10 events):
Event: 0.120 Thread 0x00007f85a000f000 Threw 0x00000007ad5018c0 at /HUDSON/workspace/7u-2-build-linux-amd64/jdk7u79/2331/hotspot/src/share/vm/prims/jvm.cpp:1304
Event: 0.121 Thread 0x00007f85a000f000 Threw 0x00000007ad5092f8 at /HUDSON/workspace/7u-2-build-linux-amd64/jdk7u79/2331/hotspot/src/share/vm/prims/jvm.cpp:1304
Event: 0.121 Thread 0x00007f85a000f000 Threw 0x00000007ad5115a0 at /HUDSON/workspace/7u-2-build-linux-amd64/jdk7u79/2331/hotspot/src/share/vm/prims/jvm.cpp:1304
Event: 0.122 Thread 0x00007f85a000f000 Threw 0x00000007ad521200 at /HUDSON/workspace/7u-2-build-linux-amd64/jdk7u79/2331/hotspot/src/share/vm/prims/jvm.cpp:1304
Event: 0.123 Thread 0x00007f85a000f000 Threw 0x00000007ad5281d8 at /HUDSON/workspace/7u-2-build-linux-amd64/jdk7u79/2331/hotspot/src/share/vm/prims/jvm.cpp:1304
Event: 0.124 Thread 0x00007f85a000f000 Threw 0x00000007ad534520 at /HUDSON/workspace/7u-2-build-linux-amd64/jdk7u79/2331/hotspot/src/share/vm/prims/jvm.cpp:1304
Event: 0.127 Thread 0x00007f85a000f000 Threw 0x00000007ad55ebb0 at /HUDSON/workspace/7u-2-build-linux-amd64/jdk7u79/2331/hotspot/src/share/vm/prims/jvm.cpp:1304
Event: 0.128 Thread 0x00007f85a000f000 Threw 0x00000007ad566968 at /HUDSON/workspace/7u-2-build-linux-amd64/jdk7u79/2331/hotspot/src/share/vm/prims/jvm.cpp:1304
Event: 0.129 Thread 0x00007f85a000f000 Threw 0x00000007ad57c498 at /HUDSON/workspace/7u-2-build-linux-amd64/jdk7u79/2331/hotspot/src/share/vm/prims/jvm.cpp:1304
Event: 0.282 Thread 0x00007f85a000f000 Threw 0x00000007ad9ba3f0 at /HUDSON/workspace/7u-2-build-linux-amd64/jdk7u79/2331/hotspot/src/share/vm/prims/jvm.cpp:1304

Events (10 events):
Event: 0.415 loading class 0x00007f85640f70f0
Event: 0.415 loading class 0x00007f85640f70f0 done
Event: 0.415 loading class 0x00007f85640f5f00
Event: 0.415 loading class 0x00007f85640f5f00 done
Event: 0.415 loading class 0x00007f85640f52a0
Event: 0.415 loading class 0x00007f85640f52a0 done
Event: 0.884 loading class 0x00007f85a46643a0
Event: 0.884 loading class 0x00007f85a46643a0 done
Event: 0.902 Executing VM operation: ParallelGCFailedAllocation
Event: 0.906 Executing VM operation: ParallelGCFailedAllocation done


Dynamic libraries:
00400000-00401000 r-xp 00000000 08:01 7209696                            /usr/lib/jvm/jdk1.7.0_79/bin/java
00600000-00601000 rw-p 00000000 08:01 7209696                            /usr/lib/jvm/jdk1.7.0_79/bin/java
00e8c000-00ead000 rw-p 00000000 00:00 0                                  [heap]
702000000-703500000 rw-p 00000000 00:00 0 
703500000-707200000 rw-p 00000000 00:00 0 
707200000-711780000 rw-p 00000000 00:00 0 
711780000-7ad080000 rw-p 00000000 00:00 0 
7ad080000-7b2380000 rw-p 00000000 00:00 0 
7b2380000-800000000 rw-p 00000000 00:00 0 
7f855c000000-7f855c021000 rw-p 00000000 00:00 0 
7f855c021000-7f8560000000 ---p 00000000 00:00 0 
7f8560fff000-7f8564000000 rw-p 00000000 00:00 0 
7f8564000000-7f85642cf000 rw-p 00000000 00:00 0 
7f85642cf000-7f8568000000 ---p 00000000 00:00 0 
7f8568000000-7f8568021000 rw-p 00000000 00:00 0 
7f8568021000-7f856c000000 ---p 00000000 00:00 0 
7f856c000000-7f856c021000 rw-p 00000000 00:00 0 
7f856c021000-7f8570000000 ---p 00000000 00:00 0 
7f8570000000-7f8570486000 rw-p 00000000 00:00 0 
7f8570486000-7f8574000000 ---p 00000000 00:00 0 
7f8574000000-7f8574021000 rw-p 00000000 00:00 0 
7f8574021000-7f8578000000 ---p 00000000 00:00 0 
7f8578000000-7f8578021000 rw-p 00000000 00:00 0 
7f8578021000-7f857c000000 ---p 00000000 00:00 0 
7f857c000000-7f857c021000 rw-p 00000000 00:00 0 
7f857c021000-7f8580000000 ---p 00000000 00:00 0 
7f858207f000-7f85822c7000 rw-p 00000000 00:00 0 
7f85822c7000-7f85822d7000 r-xp 00000000 08:01 58728858                   /usr/lib/jvm/jdk1.7.0_79/jre/lib/amd64/libnio.so
7f85822d7000-7f85824d7000 ---p 00010000 08:01 58728858                   /usr/lib/jvm/jdk1.7.0_79/jre/lib/amd64/libnio.so
7f85824d7000-7f85824d8000 rw-p 00010000 08:01 58728858                   /usr/lib/jvm/jdk1.7.0_79/jre/lib/amd64/libnio.so
7f85824d8000-7f85824ee000 r-xp 00000000 08:01 58728892                   /usr/lib/jvm/jdk1.7.0_79/jre/lib/amd64/libnet.so
7f85824ee000-7f85826ee000 ---p 00016000 08:01 58728892                   /usr/lib/jvm/jdk1.7.0_79/jre/lib/amd64/libnet.so
7f85826ee000-7f85826ef000 rw-p 00016000 08:01 58728892                   /usr/lib/jvm/jdk1.7.0_79/jre/lib/amd64/libnet.so
7f85826ef000-7f8582705000 r-xp 00000000 08:01 58462687                   /lib/x86_64-linux-gnu/libgcc_s.so.1
7f8582705000-7f8582904000 ---p 00016000 08:01 58462687                   /lib/x86_64-linux-gnu/libgcc_s.so.1
7f8582904000-7f8582905000 rw-p 00015000 08:01 58462687                   /lib/x86_64-linux-gnu/libgcc_s.so.1
7f858291d000-7f858291f000 r--s 00a98000 08:01 58461615                   /home/cybersoft/carrieduan/apache-tomcat-6.0.43/lib/cyber-iatoms-security-1.0.jar
7f8582921000-7f8582925000 r--s 0002d000 08:01 59640563                   /usr/lib/jvm/jdk1.7.0_79/jre/lib/ext/sunjce_provider.jar
7f8582925000-7f8582957000 r-xp 00000000 08:01 58728869                   /usr/lib/jvm/jdk1.7.0_79/jre/lib/amd64/libsunec.so
7f8582957000-7f8582b56000 ---p 00032000 08:01 58728869                   /usr/lib/jvm/jdk1.7.0_79/jre/lib/amd64/libsunec.so
7f8582b56000-7f8582b5c000 rw-p 00031000 08:01 58728869                   /usr/lib/jvm/jdk1.7.0_79/jre/lib/amd64/libsunec.so
7f8582b5c000-7f8582b6c000 rw-p 00000000 00:00 0 
7f8582b6c000-7f8582b6d000 r--s 00003000 08:01 59640561                   /usr/lib/jvm/jdk1.7.0_79/jre/lib/ext/sunec.jar
7f8582b6d000-7f8582b71000 r--s 0008b000 08:01 58728936                   /usr/lib/jvm/jdk1.7.0_79/jre/lib/jsse.jar
7f8582b71000-7f8582b74000 r--s 00019000 08:01 58728929                   /usr/lib/jvm/jdk1.7.0_79/jre/lib/jce.jar
7f8582b74000-7f8582b77000 r--s 0001e000 08:01 50597561                   /home/cybersoft/.m2/repository/it/sauronsoftware/ftp4j/1.6/ftp4j-1.6.jar
7f8582b77000-7f8582b7a000 r--s 0001e000 08:01 52298230                   /home/cybersoft/.m2/repository/net/lingala/zip4j/zip4j/1.3.2/zip4j-1.3.2.jar
7f8582b7a000-7f8582b7c000 r--s 0000e000 08:01 52429347                   /home/cybersoft/.m2/repository/oro/oro/2.0.8/oro-2.0.8.jar
7f8582b7c000-7f8582b80000 r--s 0003c000 08:01 52429346                   /home/cybersoft/.m2/repository/commons-lang/commons-lang/2.4/commons-lang-2.4.jar
7f8582b80000-7f8582b88000 r--s 00058000 08:01 52429344                   /home/cybersoft/.m2/repository/velocity/velocity/1.5/velocity-1.5.jar
7f8582b88000-7f8582b8c000 r--s 00015000 08:01 52429342                   /home/cybersoft/.m2/repository/org/tukaani/xz/1.4/xz-1.4.jar
7f8582b8c000-7f8582b93000 r--s 00050000 08:01 52429339                   /home/cybersoft/.m2/repository/org/apache/commons/commons-compress/1.7/commons-compress-1.7.jar
7f8582b93000-7f8582b96000 r--s 0001b000 08:01 52299108                   /home/cybersoft/.m2/repository/junit/junit/3.8.1/junit-3.8.1.jar
7f8582b96000-7f8582ba8000 r--s 00194000 08:01 52299643                   /home/cybersoft/.m2/repository/j2ee/j2ee/1.4.1/j2ee-1.4.1.jar
7f8582ba8000-7f8582baa000 r--s 00002000 08:01 52429337                   /home/cybersoft/.m2/repository/org/apache/ant/ant-launcher/1.8.2/ant-launcher-1.8.2.jar
7f8582baa000-7f8582bc8000 r--s 001bb000 08:01 52429336                   /home/cybersoft/.m2/repository/org/apache/ant/ant/1.8.2/ant-1.8.2.jar
7f8582bc8000-7f8582bca000 r--s 00006000 08:01 52430440                   /home/cybersoft/.m2/repository/org/apache/poi/poi-excelant/3.12/poi-excelant-3.12.jar
7f8582bca000-7f8582bdb000 r--s 0012e000 08:01 52429335                   /home/cybersoft/.m2/repository/org/apache/poi/poi-scratchpad/3.12/poi-scratchpad-3.12.jar
7f8582bdb000-7f8582be1000 r--s 0004b000 08:01 52430438                   /home/cybersoft/.m2/repository/org/apache/poi/poi-examples/3.12/poi-examples-3.12.jar
7f8582be1000-7f8582be3000 r--s 00005000 08:01 52430436                   /home/cybersoft/.m2/repository/stax/stax-api/1.0.1/stax-api-1.0.1.jar
7f8582be3000-7f8582c21000 r--s 0025d000 08:01 52430432                   /home/cybersoft/.m2/repository/org/apache/xmlbeans/xmlbeans/2.6.0/xmlbeans-2.6.0.jar
7f8582c21000-7f8582cda000 r--s 004a3000 08:01 52430430                   /home/cybersoft/.m2/repository/org/apache/poi/poi-ooxml-schemas/3.12/poi-ooxml-schemas-3.12.jar
7f8582cda000-7f8582cea000 r--s 0011b000 08:01 52430437                   /home/cybersoft/.m2/repository/org/apache/poi/poi-ooxml/3.12/poi-ooxml-3.12.jar
7f8582cea000-7f8582d0d000 r--s 001e7000 08:01 52429331                   /home/cybersoft/.m2/repository/org/apache/poi/poi/3.12/poi-3.12.jar
7f8582d0d000-7f8582d6c000 r--s 00589000 08:01 52429333                   /home/cybersoft/.m2/repository/org/codehaus/groovy/groovy-all/2.0.1/groovy-all-2.0.1.jar
7f8582d6c000-7f8582d74000 r--s 00065000 08:01 52429353                   /home/cybersoft/.m2/repository/org/olap4j/olap4j/0.9.7.309-JS-3/olap4j-0.9.7.309-JS-3.jar
7f8582d74000-7f8582d75000 r--s 00006000 08:01 52429329                   /home/cybersoft/.m2/repository/jakarta-regexp/jakarta-regexp/1.4/jakarta-regexp-1.4.jar
7f8582d75000-7f8582d77000 r--s 0000a000 08:01 52429325                   /home/cybersoft/.m2/repository/org/apache/lucene/lucene-sandbox/4.5.1/lucene-sandbox-4.5.1.jar
7f8582d77000-7f8582d7d000 r--s 0002d000 08:01 52429324                   /home/cybersoft/.m2/repository/org/apache/lucene/lucene-queries/4.5.1/lucene-queries-4.5.1.jar
7f8582d7d000-7f8582d86000 r--s 00055000 08:01 52429323                   /home/cybersoft/.m2/repository/org/apache/lucene/lucene-queryparser/4.5.1/lucene-queryparser-4.5.1.jar
7f8582d86000-7f8582d96000 r--s 00174000 08:01 52429322                   /home/cybersoft/.m2/repository/org/apache/lucene/lucene-analyzers-common/4.5.1/lucene-analyzers-common-4.5.1.jar
7f8582d96000-7f8582dbc000 r--s 0020b000 08:01 52429317                   /home/cybersoft/.m2/repository/org/apache/lucene/lucene-core/4.5.1/lucene-core-4.5.1.jar
7f8582dbc000-7f8582dcc000 r--s 000c4000 08:01 52299925                   /home/cybersoft/.m2/repository/org/codehaus/castor/castor/1.2/castor-1.2.jar
7f8582dcc000-7f8582df0000 r--s 00341000 08:01 52299897                   /home/cybersoft/.m2/repository/eclipse/jdtcore/3.1.0/jdtcore-3.1.0.jar
7f8582df0000-7f8582df8000 r--s 00028000 08:01 52429243                   /home/cybersoft/.m2/repository/xml-apis/xml-apis/1.3.02/xml-apis-1.3.02.jar
7f8582df8000-7f8582e08000 r--s 0013f000 08:01 52299911                   /home/cybersoft/.m2/repository/jfree/jfreechart/1.0.12/jfreechart-1.0.12.jar
7f8582e08000-7f8582e0e000 r--s 00046000 08:01 52429315                   /home/cybersoft/.m2/repository/jfree/jcommon/1.0.15/jcommon-1.0.15.jar
7f8582e0e000-7f8582e19000 r--s 000f6000 08:01 52300078                   /home/cybersoft/.m2/repository/com/lowagie/itext/2.1.0/itext-2.1.0.jar
7f8582e19000-7f8582e1f000 r--s 0002b000 08:01 52429314                   /home/cybersoft/.m2/repository/commons-digester/commons-digester/2.1/commons-digester-2.1.jar
7f8582e1f000-7f8582e2d000 r--s 0007f000 08:01 52429312                   /home/cybersoft/.m2/repository/commons-collections/commons-collections/3.2.1/commons-collections-3.2.1.jar
7f8582e2d000-7f8582e32000 r--s 00035000 08:01 52429310                   /home/cybersoft/.m2/repository/commons-beanutils/commons-beanutils/1.9.2/commons-beanutils-1.9.2.jar
7f8582e32000-7f8582e89000 r--s 0045f000 08:01 52429307                   /home/cybersoft/.m2/repository/net/sf/jasperreports/jasperreports/5.6.0/jasperreports-5.6.0.jar
7f8582e89000-7f8582e8c000 r--s 00045000 08:01 52429305                   /home/cybersoft/.m2/repository/net/sourceforge/jtds/jtds/1.2.2/jtds-1.2.2.jar
7f8582e8c000-7f8582e97000 r--s 0006a000 08:01 52429302                   /home/cybersoft/.m2/repository/org/hibernate/hibernate-validator/4.3.1.Final/hibernate-validator-4.3.1.Final.jar
7f8582e97000-7f8582e9a000 r--s 00011000 08:01 52429299                   /home/cybersoft/.m2/repository/org/hibernate/common/hibernate-commons-annotations/4.0.1.Final/hibernate-commons-annotations-4.0.1.Final.jar
7f8582e9a000-7f8582ea3000 r--s 00096000 08:01 52429298                   /home/cybersoft/.m2/repository/org/javassist/javassist/3.15.0-GA/javassist-3.15.0-GA.jar
7f8582ea3000-7f8582ea8000 r--s 00015000 08:01 52429296                   /home/cybersoft/.m2/repository/org/hibernate/javax/persistence/hibernate-jpa-2.0-api/1.0.1.Final/hibernate-jpa-2.0-api-1.0.1.Final.jar
7f8582ea8000-7f8582ead000 r--s 00048000 08:01 52429293                   /home/cybersoft/.m2/repository/dom4j/dom4j/1.6.1/dom4j-1.6.1.jar
7f8582ead000-7f8582eae000 r--s 00002000 08:01 52429291                   /home/cybersoft/.m2/repository/org/jboss/spec/javax/transaction/jboss-transaction-api_1.1_spec/1.0.0.Final/jboss-transaction-api_1.1_spec-1.0.0.Final.jar
7f8582eae000-7f8582eb0000 r--s 0000d000 08:01 52429289                   /home/cybersoft/.m2/repository/org/jboss/logging/jboss-logging/3.1.0.GA/jboss-logging-3.1.0.GA.jar
7f8582eb0000-7f8582eb5000 r--s 00068000 08:01 52429287                   /home/cybersoft/.m2/repository/antlr/antlr/2.7.7/antlr-2.7.7.jar
7f8582eb5000-7f8582f05000 r--s 00415000 08:01 52429253                   /home/cybersoft/.m2/repository/org/hibernate/hibernate-core/4.2.0.Final/hibernate-core-4.2.0.Final.jar
7f8582f05000-7f8582f09000 r--s 00035000 08:01 52429286                   /home/cybersoft/.m2/repository/org/codehaus/jackson/jackson-core-asl/1.9.11/jackson-core-asl-1.9.11.jar
7f8582f09000-7f8582f0b000 r--s 00008000 08:01 52429281                   /home/cybersoft/.m2/repository/org/apache/httpcomponents/httpmime/4.3.4/httpmime-4.3.4.jar
7f8582f0b000-7f8582f11000 r--s 00033000 08:01 52300491                   /home/cybersoft/.m2/repository/commons-codec/commons-codec/1.6/commons-codec-1.6.jar
7f8582f11000-7f8582f17000 r--s 0003f000 08:01 52429280                   /home/cybersoft/.m2/repository/org/apache/httpcomponents/httpcore/4.3.2/httpcore-4.3.2.jar
7f8582f17000-7f8582f22000 r--s 00085000 08:01 52429279                   /home/cybersoft/.m2/repository/org/apache/httpcomponents/httpclient/4.3.3/httpclient-4.3.3.jar
7f8582f22000-7f8582f24000 r--s 00012000 08:01 52429278                   /home/cybersoft/.m2/repository/org/springframework/spring-oxm/4.0.5.RELEASE/spring-oxm-4.0.5.RELEASE.jar
7f8582f24000-7f8582f27000 r--s 0000e000 08:01 52429274                   /home/cybersoft/.m2/repository/org/springframework/ws/spring-xml/2.2.0.RELEASE/spring-xml-2.2.0.RELEASE.jar
7f8582f27000-7f8582f34000 r--s 00070000 08:01 52429272                   /home/cybersoft/.m2/repository/org/springframework/ws/spring-ws-core/2.2.0.RELEASE/spring-ws-core-2.2.0.RELEASE.jar
7f8582f34000-7f8582f3d000 r--s 0005a000 08:01 52429269                   /home/cybersoft/.m2/repository/org/springframework/spring-jdbc/3.2.5.RELEASE/spring-jdbc-3.2.5.RELEASE.jar
7f8582f3d000-7f8582f45000 r--s 00056000 08:01 52429267                   /home/cybersoft/.m2/repository/org/springframework/spring-orm/3.2.5.RELEASE/spring-orm-3.2.5.RELEASE.jar
7f8582f45000-7f8582f4d000 r--s 00034000 08:01 52429265                   /home/cybersoft/.m2/repository/org/springframework/spring-tx/3.2.5.RELEASE/spring-tx-3.2.5.RELEASE.jar
7f8582f4d000-7f8582f59000 r--s 00090000 08:01 52429262                   /home/cybersoft/.m2/repository/org/springframework/spring-webmvc/3.2.5.RELEASE/spring-webmvc-3.2.5.RELEASE.jar
7f8582f59000-7f8582f68000 r--s 0008b000 08:01 52429258                   /home/cybersoft/.m2/repository/org/springframework/spring-web/3.2.5.RELEASE/spring-web-3.2.5.RELEASE.jar
7f8582f68000-7f8582f6c000 r--s 0001c000 08:01 52429255                   /home/cybersoft/.m2/repository/org/springframework/spring-context-support/3.2.5.RELEASE/spring-context-support-3.2.5.RELEASE.jar
7f8582f6c000-7f8582f71000 r--s 0002c000 08:01 52429254                   /home/cybersoft/.m2/repository/org/springframework/spring-expression/3.2.5.RELEASE/spring-expression-3.2.5.RELEASE.jar
7f8582f71000-7f8582f73000 r--s 00000000 08:01 52429259                   /home/cybersoft/.m2/repository/aopalliance/aopalliance/1.0/aopalliance-1.0.jar
7f8582f73000-7f8582f7b000 r--s 0004a000 08:01 52429263                   /home/cybersoft/.m2/repository/org/springframework/spring-aop/3.2.5.RELEASE/spring-aop-3.2.5.RELEASE.jar
7f8582f7b000-7f8582f90000 r--s 000bf000 08:01 52429251                   /home/cybersoft/.m2/repository/org/springframework/spring-context/3.2.5.RELEASE/spring-context-3.2.5.RELEASE.jar
7f8582f90000-7f8582f9b000 r--s 00065000 08:01 52429232                   /home/cybersoft/.m2/repository/org/springframework/spring-test/3.2.5.RELEASE/spring-test-3.2.5.RELEASE.jar
7f8582f9b000-7f8582f9e000 r--s 00018000 08:01 52429246                   /home/cybersoft/.m2/repository/commons-io/commons-io/1.4/commons-io-1.4.jar
7f8582f9e000-7f8582fa0000 r--s 0000f000 08:01 52429247                   /home/cybersoft/.m2/repository/commons-fileupload/commons-fileupload/1.3.1/commons-fileupload-1.3.1.jar
7f8582fa0000-7f8582fa1000 r--s 00000000 08:01 52429351                   /home/cybersoft/.m2/repository/org/restlet/jee/org.restlet.ext.fileupload/2.2.1/org.restlet.ext.fileupload-2.2.1.jar
7f8582fa1000-7f8582fa8000 r--s 00059000 08:01 52299853                   /home/cybersoft/.m2/repository/log4j/log4j/1.2.15/log4j-1.2.15.jar
7f8582fa8000-7f8582faa000 r--s 00001000 08:01 52429241                   /home/cybersoft/.m2/repository/org/slf4j/slf4j-log4j12/1.7.6/slf4j-log4j12-1.7.6.jar
7f8582faa000-7f8582fb5000 r--s 000bb000 08:01 52429240                   /home/cybersoft/.m2/repository/org/tinyjee/jgraphx/jgraphx/1.10.4.1/jgraphx-1.10.4.1.jar
7f8582fb5000-7f8582fb6000 r--s 00004000 08:01 52429238                   /home/cybersoft/.m2/repository/org/activiti/activiti-bpmn-layout/5.16.3/activiti-bpmn-layout-5.16.3.jar
7f8582fb6000-7f8582fb9000 r--s 0001b000 08:01 52429236                   /home/cybersoft/.m2/repository/org/activiti/activiti-simple-workflow/5.16.3/activiti-simple-workflow-5.16.3.jar
7f8582fb9000-7f8582fc2000 r--s 00063000 08:01 52429233                   /home/cybersoft/.m2/repository/org/activiti/activiti-rest/5.16.3/activiti-rest-5.16.3.jar
7f8582fc2000-7f8582fc7000 r--s 00054000 08:01 52429231                   /home/cybersoft/.m2/repository/math/geom2d/javaGeom/0.11.1/javaGeom-0.11.1.jar
7f8582fc7000-7f8582fc9000 r--s 00011000 08:01 52429229                   /home/cybersoft/.m2/repository/org/activiti/activiti-json-converter/5.16.3/activiti-json-converter-5.16.3.jar
7f8582fc9000-7f8582fcf000 r--s 0003d000 08:01 52429227                   /home/cybersoft/.m2/repository/org/yaml/snakeyaml/1.13/snakeyaml-1.13.jar
7f8582fcf000-7f8582fd5000 r--s 00070000 08:01 52300801                   /home/cybersoft/.m2/repository/org/codehaus/woodstox/woodstox-core-asl/4.2.0/woodstox-core-asl-4.2.0.jar
7f8582fd5000-7f8582fde000 r--s 0004d000 08:01 52300794                   /home/cybersoft/.m2/repository/com/fasterxml/jackson/dataformat/jackson-dataformat-yaml/2.2.3/jackson-dataformat-yaml-2.2.3.jar
7f8582fde000-7f8582fe3000 r--s 00025000 08:01 52300789                   /home/cybersoft/.m2/repository/org/codehaus/woodstox/stax2-api/3.1.3/stax2-api-3.1.3.jar
7f8582fe3000-7f8582fe5000 r--s 00005000 08:01 52300800                   /home/cybersoft/.m2/repository/com/fasterxml/jackson/module/jackson-module-jaxb-annotations/2.2.3/jackson-module-jaxb-annotations-2.2.3.jar
7f8582fe5000-7f8582fe8000 r--s 0000f000 08:01 52300791                   /home/cybersoft/.m2/repository/com/fasterxml/jackson/dataformat/jackson-dataformat-xml/2.2.3/jackson-dataformat-xml-2.2.3.jar
7f8582fe8000-7f8582fea000 r--s 0000e000 08:01 52300797                   /home/cybersoft/.m2/repository/com/fasterxml/jackson/dataformat/jackson-dataformat-smile/2.2.3/jackson-dataformat-smile-2.2.3.jar
7f8582fea000-7f8582fec000 r--s 0000f000 08:01 52300795                   /home/cybersoft/.m2/repository/com/fasterxml/jackson/dataformat/jackson-dataformat-csv/2.2.3/jackson-dataformat-csv-2.2.3.jar
7f8582fec000-7f8582fee000 r--s 00004000 08:01 52300848                   /home/cybersoft/.m2/repository/org/restlet/jee/org.restlet.ext.servlet/2.2.1/org.restlet.ext.servlet-2.2.1.jar
7f8582fee000-7f8582ff7000 r--s 0009e000 08:01 52300846                   /home/cybersoft/.m2/repository/org/restlet/jee/org.restlet/2.2.1/org.restlet-2.2.1.jar
7f8582ff7000-7f8582ff9000 r--s 0000e000 08:01 52300833                   /home/cybersoft/.m2/repository/commons-logging/commons-logging/1.2/commons-logging-1.2.jar
7f8582ff9000-7f858300b000 r--s 000c3000 08:01 52300790                   /home/cybersoft/.m2/repository/org/springframework/spring-core/3.2.5.RELEASE/spring-core-3.2.5.RELEASE.jar
7f858300b000-7f8583017000 r--s 0008a000 08:01 52300835                   /home/cybersoft/.m2/repository/org/springframework/spring-beans/3.2.5.RELEASE/spring-beans-3.2.5.RELEASE.jar
7f8583017000-7f8583024000 r--s 000a2000 08:01 52300822                   /home/cybersoft/.m2/repository/org/mybatis/mybatis/3.2.5/mybatis-3.2.5.jar
7f8583024000-7f8583034000 r--s 0007c000 08:01 52300823                   /home/cybersoft/.m2/repository/joda-time/joda-time/2.1/joda-time-2.1.jar
7f8583034000-7f8583045000 r--s 000c3000 08:01 52300841                   /home/cybersoft/.m2/repository/com/fasterxml/jackson/core/jackson-databind/2.2.3/jackson-databind-2.2.3.jar
7f8583045000-7f8583069000 r--s 00168000 08:01 52300805                   /home/cybersoft/.m2/repository/org/activiti/activiti-engine/5.16.3/activiti-engine-5.16.3.jar
7f8583069000-7f858306a000 ---p 00000000 00:00 0 
7f858306a000-7f858316a000 rw-p 00000000 00:00 0 
7f858316a000-7f858316d000 ---p 00000000 00:00 0 
7f858316d000-7f858326b000 rw-p 00000000 00:00 0 
7f858326b000-7f858326e000 ---p 00000000 00:00 0 
7f858326e000-7f858336c000 rw-p 00000000 00:00 0 
7f858336c000-7f858336f000 ---p 00000000 00:00 0 
7f858336f000-7f858346d000 rw-p 00000000 00:00 0 
7f858346d000-7f8583470000 ---p 00000000 00:00 0 
7f8583470000-7f858356e000 rw-p 00000000 00:00 0 
7f858356e000-7f85839f9000 r--p 00000000 08:01 58721084                   /usr/lib/locale/locale-archive
7f85839f9000-7f85839fc000 ---p 00000000 00:00 0 
7f85839fc000-7f8583afa000 rw-p 00000000 00:00 0 
7f8583afa000-7f8583afd000 ---p 00000000 00:00 0 
7f8583afd000-7f8583bfb000 rw-p 00000000 00:00 0 
7f8583bfb000-7f8583bfc000 ---p 00000000 00:00 0 
7f8583bfc000-7f858c000000 rw-p 00000000 00:00 0 
7f858c000000-7f858c021000 rw-p 00000000 00:00 0 
7f858c021000-7f8590000000 ---p 00000000 00:00 0 
7f8590000000-7f8590021000 rw-p 00000000 00:00 0 
7f8590021000-7f8594000000 ---p 00000000 00:00 0 
7f8594000000-7f8594021000 rw-p 00000000 00:00 0 
7f8594021000-7f8598000000 ---p 00000000 00:00 0 
7f8598000000-7f8598021000 rw-p 00000000 00:00 0 
7f8598021000-7f859c000000 ---p 00000000 00:00 0 
7f859c000000-7f859c001000 r--s 00001000 08:01 52300850                   /home/cybersoft/.m2/repository/org/restlet/jee/org.restlet.ext.jackson/2.2.1/org.restlet.ext.jackson-2.2.1.jar
7f859c001000-7f859c002000 r--s 00007000 08:01 52300815                   /home/cybersoft/.m2/repository/org/apache/commons/commons-email/1.2/commons-email-1.2.jar
7f859c002000-7f859c004000 r--s 0000f000 08:01 52300812                   /home/cybersoft/.m2/repository/org/activiti/activiti-image-generator/5.16.3/activiti-image-generator-5.16.3.jar
7f859c004000-7f859c006000 r--s 0000c000 08:01 52300810                   /home/cybersoft/.m2/repository/org/activiti/activiti-process-validation/5.16.3/activiti-process-validation-5.16.3.jar
7f859c006000-7f859c008000 r--s 00003000 08:01 52300828                   /home/cybersoft/.m2/repository/org/slf4j/jcl-over-slf4j/1.7.6/jcl-over-slf4j-1.7.6.jar
7f859c008000-7f859d000000 rw-p 00000000 00:00 0 
7f859d000000-7f859d270000 rwxp 00000000 00:00 0 
7f859d270000-7f85a0553000 rw-p 00000000 00:00 0 
7f85a0553000-7f85a4000000 ---p 00000000 00:00 0 
7f85a4000000-7f85a4002000 r--s 00006000 08:01 52300825                   /home/cybersoft/.m2/repository/org/slf4j/slf4j-api/1.7.6/slf4j-api-1.7.6.jar
7f85a4002000-7f85a4005000 r--s 00006000 08:01 52300837                   /home/cybersoft/.m2/repository/com/fasterxml/jackson/core/jackson-annotations/2.2.3/jackson-annotations-2.2.3.jar
7f85a4005000-7f85a4009000 r--s 0002c000 08:01 52300839                   /home/cybersoft/.m2/repository/com/fasterxml/jackson/core/jackson-core/2.2.3/jackson-core-2.2.3.jar
7f85a4009000-7f85a4010000 r--s 0005e000 08:01 52300821                   /home/cybersoft/.m2/repository/org/apache/commons/commons-lang3/3.3.2/commons-lang3-3.3.2.jar
7f85a4010000-7f85a4014000 r--s 00028000 08:01 52300807                   /home/cybersoft/.m2/repository/org/activiti/activiti-bpmn-converter/5.16.3/activiti-bpmn-converter-5.16.3.jar
7f85a4014000-7f85a4407000 rw-p 00000000 00:00 0 
7f85a4407000-7f85a45c7000 r--s 039f7000 08:01 58728941                   /usr/lib/jvm/jdk1.7.0_79/jre/lib/rt.jar
7f85a45c7000-7f85a4710000 rw-p 00000000 00:00 0 
7f85a4710000-7f85a4711000 ---p 00000000 00:00 0 
7f85a4711000-7f85a4811000 rw-p 00000000 00:00 0 
7f85a4811000-7f85a4812000 ---p 00000000 00:00 0 
7f85a4812000-7f85a4912000 rw-p 00000000 00:00 0 
7f85a4912000-7f85a4913000 ---p 00000000 00:00 0 
7f85a4913000-7f85a4a13000 rw-p 00000000 00:00 0 
7f85a4a13000-7f85a4a14000 ---p 00000000 00:00 0 
7f85a4a14000-7f85a4b1f000 rw-p 00000000 00:00 0 
7f85a4b1f000-7f85a4b3d000 rw-p 00000000 00:00 0 
7f85a4b3d000-7f85a4b90000 rw-p 00000000 00:00 0 
7f85a4b90000-7f85a506d000 rw-p 00000000 00:00 0 
7f85a506d000-7f85a5078000 rw-p 00000000 00:00 0 
7f85a5078000-7f85a5096000 rw-p 00000000 00:00 0 
7f85a5096000-7f85a50e9000 rw-p 00000000 00:00 0 
7f85a50e9000-7f85a55c5000 rw-p 00000000 00:00 0 
7f85a55c5000-7f85a55ef000 rw-p 00000000 00:00 0 
7f85a55ef000-7f85a585d000 rw-p 00000000 00:00 0 
7f85a585d000-7f85a585e000 rw-p 00000000 00:00 0 
7f85a585e000-7f85a5878000 r-xp 00000000 08:01 58728887                   /usr/lib/jvm/jdk1.7.0_79/jre/lib/amd64/libzip.so
7f85a5878000-7f85a5a78000 ---p 0001a000 08:01 58728887                   /usr/lib/jvm/jdk1.7.0_79/jre/lib/amd64/libzip.so
7f85a5a78000-7f85a5a79000 rw-p 0001a000 08:01 58728887                   /usr/lib/jvm/jdk1.7.0_79/jre/lib/amd64/libzip.so
7f85a5a79000-7f85a5a84000 r-xp 00000000 08:01 58458338                   /lib/x86_64-linux-gnu/libnss_files-2.23.so
7f85a5a84000-7f85a5c83000 ---p 0000b000 08:01 58458338                   /lib/x86_64-linux-gnu/libnss_files-2.23.so
7f85a5c83000-7f85a5c84000 r--p 0000a000 08:01 58458338                   /lib/x86_64-linux-gnu/libnss_files-2.23.so
7f85a5c84000-7f85a5c85000 rw-p 0000b000 08:01 58458338                   /lib/x86_64-linux-gnu/libnss_files-2.23.so
7f85a5c85000-7f85a5c8b000 rw-p 00000000 00:00 0 
7f85a5c8b000-7f85a5c96000 r-xp 00000000 08:01 58458345                   /lib/x86_64-linux-gnu/libnss_nis-2.23.so
7f85a5c96000-7f85a5e95000 ---p 0000b000 08:01 58458345                   /lib/x86_64-linux-gnu/libnss_nis-2.23.so
7f85a5e95000-7f85a5e96000 r--p 0000a000 08:01 58458345                   /lib/x86_64-linux-gnu/libnss_nis-2.23.so
7f85a5e96000-7f85a5e97000 rw-p 0000b000 08:01 58458345                   /lib/x86_64-linux-gnu/libnss_nis-2.23.so
7f85a5e97000-7f85a5ead000 r-xp 00000000 08:01 58458305                   /lib/x86_64-linux-gnu/libnsl-2.23.so
7f85a5ead000-7f85a60ac000 ---p 00016000 08:01 58458305                   /lib/x86_64-linux-gnu/libnsl-2.23.so
7f85a60ac000-7f85a60ad000 r--p 00015000 08:01 58458305                   /lib/x86_64-linux-gnu/libnsl-2.23.so
7f85a60ad000-7f85a60ae000 rw-p 00016000 08:01 58458305                   /lib/x86_64-linux-gnu/libnsl-2.23.so
7f85a60ae000-7f85a60b0000 rw-p 00000000 00:00 0 
7f85a60b0000-7f85a60b8000 r-xp 00000000 08:01 58458328                   /lib/x86_64-linux-gnu/libnss_compat-2.23.so
7f85a60b8000-7f85a62b7000 ---p 00008000 08:01 58458328                   /lib/x86_64-linux-gnu/libnss_compat-2.23.so
7f85a62b7000-7f85a62b8000 r--p 00007000 08:01 58458328                   /lib/x86_64-linux-gnu/libnss_compat-2.23.so
7f85a62b8000-7f85a62b9000 rw-p 00008000 08:01 58458328                   /lib/x86_64-linux-gnu/libnss_compat-2.23.so
7f85a62b9000-7f85a62e2000 r-xp 00000000 08:01 58728853                   /usr/lib/jvm/jdk1.7.0_79/jre/lib/amd64/libjava.so
7f85a62e2000-7f85a64e2000 ---p 00029000 08:01 58728853                   /usr/lib/jvm/jdk1.7.0_79/jre/lib/amd64/libjava.so
7f85a64e2000-7f85a64e4000 rw-p 00029000 08:01 58728853                   /usr/lib/jvm/jdk1.7.0_79/jre/lib/amd64/libjava.so
7f85a64e4000-7f85a64f1000 r-xp 00000000 08:01 58728880                   /usr/lib/jvm/jdk1.7.0_79/jre/lib/amd64/libverify.so
7f85a64f1000-7f85a66f0000 ---p 0000d000 08:01 58728880                   /usr/lib/jvm/jdk1.7.0_79/jre/lib/amd64/libverify.so
7f85a66f0000-7f85a66f2000 rw-p 0000c000 08:01 58728880                   /usr/lib/jvm/jdk1.7.0_79/jre/lib/amd64/libverify.so
7f85a66f2000-7f85a66f9000 r-xp 00000000 08:01 58458346                   /lib/x86_64-linux-gnu/librt-2.23.so
7f85a66f9000-7f85a68f8000 ---p 00007000 08:01 58458346                   /lib/x86_64-linux-gnu/librt-2.23.so
7f85a68f8000-7f85a68f9000 r--p 00006000 08:01 58458346                   /lib/x86_64-linux-gnu/librt-2.23.so
7f85a68f9000-7f85a68fa000 rw-p 00007000 08:01 58458346                   /lib/x86_64-linux-gnu/librt-2.23.so
7f85a68fa000-7f85a6a02000 r-xp 00000000 08:01 58458303                   /lib/x86_64-linux-gnu/libm-2.23.so
7f85a6a02000-7f85a6c01000 ---p 00108000 08:01 58458303                   /lib/x86_64-linux-gnu/libm-2.23.so
7f85a6c01000-7f85a6c02000 r--p 00107000 08:01 58458303                   /lib/x86_64-linux-gnu/libm-2.23.so
7f85a6c02000-7f85a6c03000 rw-p 00108000 08:01 58458303                   /lib/x86_64-linux-gnu/libm-2.23.so
7f85a6c03000-7f85a7778000 r-xp 00000000 08:01 58728907                   /usr/lib/jvm/jdk1.7.0_79/jre/lib/amd64/server/libjvm.so
7f85a7778000-7f85a7978000 ---p 00b75000 08:01 58728907                   /usr/lib/jvm/jdk1.7.0_79/jre/lib/amd64/server/libjvm.so
7f85a7978000-7f85a7a3c000 rw-p 00b75000 08:01 58728907                   /usr/lib/jvm/jdk1.7.0_79/jre/lib/amd64/server/libjvm.so
7f85a7a3c000-7f85a7a7d000 rw-p 00000000 00:00 0 
7f85a7a7d000-7f85a7c3d000 r-xp 00000000 08:01 58458311                   /lib/x86_64-linux-gnu/libc-2.23.so
7f85a7c3d000-7f85a7e3d000 ---p 001c0000 08:01 58458311                   /lib/x86_64-linux-gnu/libc-2.23.so
7f85a7e3d000-7f85a7e41000 r--p 001c0000 08:01 58458311                   /lib/x86_64-linux-gnu/libc-2.23.so
7f85a7e41000-7f85a7e43000 rw-p 001c4000 08:01 58458311                   /lib/x86_64-linux-gnu/libc-2.23.so
7f85a7e43000-7f85a7e47000 rw-p 00000000 00:00 0 
7f85a7e47000-7f85a7e4a000 r-xp 00000000 08:01 58458315                   /lib/x86_64-linux-gnu/libdl-2.23.so
7f85a7e4a000-7f85a8049000 ---p 00003000 08:01 58458315                   /lib/x86_64-linux-gnu/libdl-2.23.so
7f85a8049000-7f85a804a000 r--p 00002000 08:01 58458315                   /lib/x86_64-linux-gnu/libdl-2.23.so
7f85a804a000-7f85a804b000 rw-p 00003000 08:01 58458315                   /lib/x86_64-linux-gnu/libdl-2.23.so
7f85a804b000-7f85a8061000 r-xp 00000000 08:01 1838045                    /usr/lib/jvm/jdk1.7.0_79/lib/amd64/jli/libjli.so
7f85a8061000-7f85a8261000 ---p 00016000 08:01 1838045                    /usr/lib/jvm/jdk1.7.0_79/lib/amd64/jli/libjli.so
7f85a8261000-7f85a8262000 rw-p 00016000 08:01 1838045                    /usr/lib/jvm/jdk1.7.0_79/lib/amd64/jli/libjli.so
7f85a8262000-7f85a827a000 r-xp 00000000 08:01 58458309                   /lib/x86_64-linux-gnu/libpthread-2.23.so
7f85a827a000-7f85a8479000 ---p 00018000 08:01 58458309                   /lib/x86_64-linux-gnu/libpthread-2.23.so
7f85a8479000-7f85a847a000 r--p 00017000 08:01 58458309                   /lib/x86_64-linux-gnu/libpthread-2.23.so
7f85a847a000-7f85a847b000 rw-p 00018000 08:01 58458309                   /lib/x86_64-linux-gnu/libpthread-2.23.so
7f85a847b000-7f85a847f000 rw-p 00000000 00:00 0 
7f85a847f000-7f85a84a5000 r-xp 00000000 08:01 58458307                   /lib/x86_64-linux-gnu/ld-2.23.so
7f85a84a5000-7f85a84a8000 r--s 00014000 08:01 52300830                   /home/cybersoft/.m2/repository/org/activiti/activiti-bpmn-model/5.16.3/activiti-bpmn-model-5.16.3.jar
7f85a84a8000-7f85a84aa000 r--s 00005000 08:01 52300787                   /home/cybersoft/.m2/repository/org/activiti/activiti-common-rest/5.16.3/activiti-common-rest-5.16.3.jar
7f85a84aa000-7f85a84af000 r--s 00074000 08:01 52299201                   /home/cybersoft/.m2/repository/cafe-framework/cafe-workflow/1.0/cafe-workflow-1.0.jar
7f85a84af000-7f85a84b3000 r--s 00026000 08:01 52299188                   /home/cybersoft/.m2/repository/cafe-framework/cafe-identity/1.0/cafe-identity-1.0.jar
7f85a84b3000-7f85a84bb000 r--s 000e6000 08:01 52299175                   /home/cybersoft/.m2/repository/cafe-framework/cafe-core/1.0/cafe-core-1.0.jar
7f85a84bb000-7f85a84be000 r--s 00010000 08:01 52299162                   /home/cybersoft/.m2/repository/cafe-framework/cafe-cm/1.0/cafe-cm-1.0.jar
7f85a84be000-7f85a84c8000 rw-p 00000000 00:00 0 
7f85a84c8000-7f85a857e000 rw-p 00000000 00:00 0 
7f85a857e000-7f85a8581000 ---p 00000000 00:00 0 
7f85a8581000-7f85a8684000 rw-p 00000000 00:00 0 
7f85a8684000-7f85a8686000 r--s 00a98000 08:01 58461610                   /home/cybersoft/.m2/repository/com/cybersoft4u/framework/cyber-iatoms-security/1.0/cyber-iatoms-security-1.0.jar
7f85a8686000-7f85a868c000 r--s 00059000 08:01 52299148                   /home/cybersoft/.m2/repository/org/owasp/ESAPI/2.0.1/ESAPI-2.0.1.jar
7f85a868c000-7f85a868f000 r--s 00009000 08:01 52429303                   /home/cybersoft/.m2/repository/javax/validation/validation-api/1.0.0.GA/validation-api-1.0.0.GA.jar
7f85a868f000-7f85a8691000 r--s 00004000 08:01 52300803                   /home/cybersoft/.m2/repository/javax/xml/stream/stax-api/1.0-2/stax-api-1.0-2.jar
7f85a8691000-7f85a8693000 r--s 0000f000 08:01 52300819                   /home/cybersoft/.m2/repository/javax/activation/activation/1.1.1/activation-1.1.1.jar
7f85a8693000-7f85a869a000 r--s 00067000 08:01 52300816                   /home/cybersoft/.m2/repository/javax/mail/mail/1.4.1/mail-1.4.1.jar
7f85a869a000-7f85a86a2000 rw-s 00000000 08:01 31720447                   /tmp/hsperfdata_cybersoft/19495
7f85a86a2000-7f85a86a3000 rw-p 00000000 00:00 0 
7f85a86a3000-7f85a86a4000 r--p 00000000 00:00 0 
7f85a86a4000-7f85a86a5000 r--p 00025000 08:01 58458307                   /lib/x86_64-linux-gnu/ld-2.23.so
7f85a86a5000-7f85a86a6000 rw-p 00026000 08:01 58458307                   /lib/x86_64-linux-gnu/ld-2.23.so
7f85a86a6000-7f85a86a7000 rw-p 00000000 00:00 0 
7fff25e5f000-7fff25e83000 rw-p 00000000 00:00 0                          [stack]
7fff25ed8000-7fff25edb000 r--p 00000000 00:00 0                          [vvar]
7fff25edb000-7fff25edd000 r-xp 00000000 00:00 0                          [vdso]
ffffffffff600000-ffffffffff601000 r-xp 00000000 00:00 0                  [vsyscall]

VM Arguments:
jvm_args: -Dfile.encoding=UTF-8 
java_command: com.cybersoft4u.xian.iatoms.common.utils.PasswordEncoderUtilities
Launcher Type: SUN_STANDARD

Environment Variables:
JAVA_HOME=/usr/lib/jvm/jdk1.7.0_79
JRE_HOME=/usr/java/jdk1.6.0_45/jre
CLASSPATH=.:/usr/lib/jvm/jdk1.7.0_79/lib:$CLASSPATH:$JAVA_HOME/lib:$JAVA_HOME/jre/lib:$JAVA_HOME/bin
PATH=/home/cybersoft/bin:/home/cybersoft/.local/bin:/usr/lib/jvm/jdk1.7.0_79/bin:/usr/local/sbin:/usr/local/bin:/usr/sbin:/usr/bin:/sbin:/bin:/usr/games:/usr/local/games:/snap/bin:/home/cybersoft/carrieduan/go/bin:/home/cybersoft/carrieduan/go/bin
SHELL=/bin/bash
DISPLAY=:0

Signal Handlers:
SIGSEGV: [libjvm.so+0x9a3bf0], sa_mask[0]=0x7ffbfeff, sa_flags=0x10000004
SIGBUS: [libjvm.so+0x9a3bf0], sa_mask[0]=0x7ffbfeff, sa_flags=0x10000004
SIGFPE: [libjvm.so+0x81cb60], sa_mask[0]=0x7ffbfeff, sa_flags=0x10000004
SIGPIPE: [libjvm.so+0x81cb60], sa_mask[0]=0x7ffbfeff, sa_flags=0x10000004
SIGXFSZ: [libjvm.so+0x81cb60], sa_mask[0]=0x7ffbfeff, sa_flags=0x10000004
SIGILL: [libjvm.so+0x81cb60], sa_mask[0]=0x7ffbfeff, sa_flags=0x10000004
SIGUSR1: SIG_DFL, sa_mask[0]=0x00000000, sa_flags=0x00000000
SIGUSR2: [libjvm.so+0x81e360], sa_mask[0]=0x00000004, sa_flags=0x10000004
SIGHUP: [libjvm.so+0x81f480], sa_mask[0]=0x7ffbfeff, sa_flags=0x10000004
SIGINT: [libjvm.so+0x81f480], sa_mask[0]=0x7ffbfeff, sa_flags=0x10000004
SIGTERM: [libjvm.so+0x81f480], sa_mask[0]=0x7ffbfeff, sa_flags=0x10000004
SIGQUIT: [libjvm.so+0x81f480], sa_mask[0]=0x7ffbfeff, sa_flags=0x10000004


---------------  S Y S T E M  ---------------

OS:stretch/sid

uname:Linux 4.13.0-41-generic #46~16.04.1-Ubuntu SMP Thu May 3 10:06:43 UTC 2018 x86_64
libc:glibc 2.23 NPTL 2.23 
rlimit: STACK 8192k, CORE 0k, NPROC 63484, NOFILE 1048576, AS infinity
load average:3.08 2.75 2.57

/proc/meminfo:
MemTotal:       16305152 kB
MemFree:         3661340 kB
MemAvailable:    7601340 kB
Buffers:          496356 kB
Cached:          4061472 kB
SwapCached:            0 kB
Active:          9291900 kB
Inactive:        2671776 kB
Active(anon):    7428128 kB
Inactive(anon):   694856 kB
Active(file):    1863772 kB
Inactive(file):  1976920 kB
Unevictable:         320 kB
Mlocked:             320 kB
SwapTotal:      16654332 kB
SwapFree:       16654332 kB
Dirty:             16872 kB
Writeback:          8820 kB
AnonPages:       7406036 kB
Mapped:          1253708 kB
Shmem:            717272 kB
Slab:             502908 kB
SReclaimable:     435584 kB
SUnreclaim:        67324 kB
KernelStack:       17872 kB
PageTables:        79496 kB
NFS_Unstable:          0 kB
Bounce:                0 kB
WritebackTmp:          0 kB
CommitLimit:    24806908 kB
Committed_AS:   16857684 kB
VmallocTotal:   34359738367 kB
VmallocUsed:           0 kB
VmallocChunk:          0 kB
HardwareCorrupted:     0 kB
AnonHugePages:         0 kB
ShmemHugePages:        0 kB
ShmemPmdMapped:        0 kB
CmaTotal:              0 kB
CmaFree:               0 kB
HugePages_Total:       0
HugePages_Free:        0
HugePages_Rsvd:        0
HugePages_Surp:        0
Hugepagesize:       2048 kB
DirectMap4k:      214700 kB
DirectMap2M:    14344192 kB
DirectMap1G:     2097152 kB


CPU:total 4 (4 cores per cpu, 1 threads per core) family 6 model 94 stepping 3, cmov, cx8, fxsr, mmx, sse, sse2, sse3, ssse3, sse4.1, sse4.2, popcnt, avx, avx2, aes, erms, tsc, tscinvbit

/proc/cpuinfo:
processor	: 0
vendor_id	: GenuineIntel
cpu family	: 6
model		: 94
model name	: Intel(R) Core(TM) i5-6500 CPU @ 3.20GHz
stepping	: 3
microcode	: 0xc2
cpu MHz		: 3414.147
cache size	: 6144 KB
physical id	: 0
siblings	: 4
core id		: 0
cpu cores	: 4
apicid		: 0
initial apicid	: 0
fpu		: yes
fpu_exception	: yes
cpuid level	: 22
wp		: yes
flags		: fpu vme de pse tsc msr pae mce cx8 apic sep mtrr pge mca cmov pat pse36 clflush dts acpi mmx fxsr sse sse2 ss ht tm pbe syscall nx pdpe1gb rdtscp lm constant_tsc art arch_perfmon pebs bts rep_good nopl xtopology nonstop_tsc cpuid aperfmperf tsc_known_freq pni pclmulqdq dtes64 monitor ds_cpl vmx smx est tm2 ssse3 sdbg fma cx16 xtpr pdcm pcid sse4_1 sse4_2 x2apic movbe popcnt tsc_deadline_timer aes xsave avx f16c rdrand lahf_lm abm 3dnowprefetch cpuid_fault epb invpcid_single pti retpoline intel_pt rsb_ctxsw spec_ctrl tpr_shadow vnmi flexpriority ept vpid fsgsbase tsc_adjust bmi1 hle avx2 smep bmi2 erms invpcid rtm mpx rdseed adx smap clflushopt xsaveopt xsavec xgetbv1 xsaves dtherm ida arat pln pts hwp hwp_notify hwp_act_window hwp_epp
bugs		: cpu_meltdown spectre_v1 spectre_v2
bogomips	: 6384.00
clflush size	: 64
cache_alignment	: 64
address sizes	: 39 bits physical, 48 bits virtual
power management:

processor	: 1
vendor_id	: GenuineIntel
cpu family	: 6
model		: 94
model name	: Intel(R) Core(TM) i5-6500 CPU @ 3.20GHz
stepping	: 3
microcode	: 0xc2
cpu MHz		: 3482.564
cache size	: 6144 KB
physical id	: 0
siblings	: 4
core id		: 1
cpu cores	: 4
apicid		: 2
initial apicid	: 2
fpu		: yes
fpu_exception	: yes
cpuid level	: 22
wp		: yes
flags		: fpu vme de pse tsc msr pae mce cx8 apic sep mtrr pge mca cmov pat pse36 clflush dts acpi mmx fxsr sse sse2 ss ht tm pbe syscall nx pdpe1gb rdtscp lm constant_tsc art arch_perfmon pebs bts rep_good nopl xtopology nonstop_tsc cpuid aperfmperf tsc_known_freq pni pclmulqdq dtes64 monitor ds_cpl vmx smx est tm2 ssse3 sdbg fma cx16 xtpr pdcm pcid sse4_1 sse4_2 x2apic movbe popcnt tsc_deadline_timer aes xsave avx f16c rdrand lahf_lm abm 3dnowprefetch cpuid_fault epb invpcid_single pti retpoline intel_pt rsb_ctxsw spec_ctrl tpr_shadow vnmi flexpriority ept vpid fsgsbase tsc_adjust bmi1 hle avx2 smep bmi2 erms invpcid rtm mpx rdseed adx smap clflushopt xsaveopt xsavec xgetbv1 xsaves dtherm ida arat pln pts hwp hwp_notify hwp_act_window hwp_epp
bugs		: cpu_meltdown spectre_v1 spectre_v2
bogomips	: 6384.00
clflush size	: 64
cache_alignment	: 64
address sizes	: 39 bits physical, 48 bits virtual
power management:

processor	: 2
vendor_id	: GenuineIntel
cpu family	: 6
model		: 94
model name	: Intel(R) Core(TM) i5-6500 CPU @ 3.20GHz
stepping	: 3
microcode	: 0xc2
cpu MHz		: 3409.883
cache size	: 6144 KB
physical id	: 0
siblings	: 4
core id		: 2
cpu cores	: 4
apicid		: 4
initial apicid	: 4
fpu		: yes
fpu_exception	: yes
cpuid level	: 22
wp		: yes
flags		: fpu vme de pse tsc msr pae mce cx8 apic sep mtrr pge mca cmov pat pse36 clflush dts acpi mmx fxsr sse sse2 ss ht tm pbe syscall nx pdpe1gb rdtscp lm constant_tsc art arch_perfmon pebs bts rep_good nopl xtopology nonstop_tsc cpuid aperfmperf tsc_known_freq pni pclmulqdq dtes64 monitor ds_cpl vmx smx est tm2 ssse3 sdbg fma cx16 xtpr pdcm pcid sse4_1 sse4_2 x2apic movbe popcnt tsc_deadline_timer aes xsave avx f16c rdrand lahf_lm abm 3dnowprefetch cpuid_fault epb invpcid_single pti retpoline intel_pt rsb_ctxsw spec_ctrl tpr_shadow vnmi flexpriority ept vpid fsgsbase tsc_adjust bmi1 hle avx2 smep bmi2 erms invpcid rtm mpx rdseed adx smap clflushopt xsaveopt xsavec xgetbv1 xsaves dtherm ida arat pln pts hwp hwp_notify hwp_act_window hwp_epp
bugs		: cpu_meltdown spectre_v1 spectre_v2
bogomips	: 6384.00
clflush size	: 64
cache_alignment	: 64
address sizes	: 39 bits physical, 48 bits virtual
power management:

processor	: 3
vendor_id	: GenuineIntel
cpu family	: 6
model		: 94
model name	: Intel(R) Core(TM) i5-6500 CPU @ 3.20GHz
stepping	: 3
microcode	: 0xc2
cpu MHz		: 3352.463
cache size	: 6144 KB
physical id	: 0
siblings	: 4
core id		: 3
cpu cores	: 4
apicid		: 6
initial apicid	: 6
fpu		: yes
fpu_exception	: yes
cpuid level	: 22
wp		: yes
flags		: fpu vme de pse tsc msr pae mce cx8 apic sep mtrr pge mca cmov pat pse36 clflush dts acpi mmx fxsr sse sse2 ss ht tm pbe syscall nx pdpe1gb rdtscp lm constant_tsc art arch_perfmon pebs bts rep_good nopl xtopology nonstop_tsc cpuid aperfmperf tsc_known_freq pni pclmulqdq dtes64 monitor ds_cpl vmx smx est tm2 ssse3 sdbg fma cx16 xtpr pdcm pcid sse4_1 sse4_2 x2apic movbe popcnt tsc_deadline_timer aes xsave avx f16c rdrand lahf_lm abm 3dnowprefetch cpuid_fault epb invpcid_single pti retpoline intel_pt rsb_ctxsw spec_ctrl tpr_shadow vnmi flexpriority ept vpid fsgsbase tsc_adjust bmi1 hle avx2 smep bmi2 erms invpcid rtm mpx rdseed adx smap clflushopt xsaveopt xsavec xgetbv1 xsaves dtherm ida arat pln pts hwp hwp_notify hwp_act_window hwp_epp
bugs		: cpu_meltdown spectre_v1 spectre_v2
bogomips	: 6384.00
clflush size	: 64
cache_alignment	: 64
address sizes	: 39 bits physical, 48 bits virtual
power management:



Memory: 4k page, physical 16305152k(3661340k free), swap 16654332k(16654332k free)

vm_info: Java HotSpot(TM) 64-Bit Server VM (24.79-b02) for linux-amd64 JRE (1.7.0_79-b15), built on Apr 10 2015 11:34:48 by "java_re" with gcc 4.3.0 20080428 (Red Hat 4.3.0-8)

time: Tue Jun  5 17:43:03 2018
elapsed time: 1 seconds

